Assembled 18254 bytes
Loaded 102 bytes from 'demos/d38_hldiag_unknown_mnemonic.bin' at 0x080000
Running (speed: max IPS, time limit: 10s)...

[UART TX @ 40000] ';'  (0x3B)
[UART TX @ 40000] ' '  (0x20)
[UART TX @ 40000] 'D'  (0x44)
[UART TX @ 40000] 'e'  (0x65)
[UART TX @ 40000] 'm'  (0x6D)
[UART TX @ 40000] 'o'  (0x6F)
[UART TX @ 40000] ' '  (0x20)
[UART TX @ 40000] '3'  (0x33)
[UART TX @ 40000] '8'  (0x38)
[UART TX @ 40000] ':'  (0x3A)
[UART TX @ 40000] ' '  (0x20)
[UART TX @ 40000] 'H'  (0x48)
[UART TX @ 40000] 'L'  (0x4C)
[UART TX @ 50000] 'D'  (0x44)
[UART TX @ 50000] 'I'  (0x49)
[UART TX @ 50000] 'A'  (0x41)
[UART TX @ 50000] 'G'  (0x47)
[UART TX @ 50000] ' '  (0x20)
[UART TX @ 50000] 'w'  (0x77)
[UART TX @ 50000] 'a'  (0x61)
[UART TX @ 50000] 'r'  (0x72)
[UART TX @ 50000] 'n'  (0x6E)
[UART TX @ 50000] 's'  (0x73)
[UART TX @ 50000] ' '  (0x20)
[UART TX @ 50000] 'o'  (0x6F)
[UART TX @ 50000] 'n'  (0x6E)
[UART TX @ 50000] ' '  (0x20)
[UART TX @ 50000] 'u'  (0x75)
[UART TX @ 50000] 'n'  (0x6E)
[UART TX @ 50000] 'k'  (0x6B)
[UART TX @ 50000] 'n'  (0x6E)
[UART TX @ 50000] 'o'  (0x6F)
[UART TX @ 50000] 'w'  (0x77)
[UART TX @ 50000] 'n'  (0x6E)
[UART TX @ 50000] ' '  (0x20)
[UART TX @ 50000] 'm'  (0x6D)
[UART TX @ 50000] 'n'  (0x6E)
[UART TX @ 50000] 'e'  (0x65)
[UART TX @ 50000] 'm'  (0x6D)
[UART TX @ 50000] 'o'  (0x6F)
[UART TX @ 50000] 'n'  (0x6E)
[UART TX @ 50000] 'i'  (0x69)
[UART TX @ 50000] 'c'  (0x63)
[UART TX @ 50000] ' '  (0x20)
[UART TX @ 50000] 'a'  (0x61)
[UART TX @ 50000] 't'  (0x74)
[UART TX @ 50000] ' '  (0x20)
[UART TX @ 50000] 'p'  (0x70)
[UART TX @ 50000] 'a'  (0x61)
[UART TX @ 50000] 's'  (0x73)
[UART TX @ 50000] 's'  (0x73)
[UART TX @ 50000] '-'  (0x2D)
[UART TX @ 50000] 't'  (0x74)
[UART TX @ 50000] 'h'  (0x68)
[UART TX @ 50000] 'r'  (0x72)
[UART TX @ 50000] 'o'  (0x6F)
[UART TX @ 50000] 'u'  (0x75)
[UART TX @ 50000] 'g'  (0x67)
[UART TX @ 50000] 'h'  (0x68)
[UART TX @ 50000] ''  (0x0D)
[UART TX @ 50000] '\n'
[UART TX @ 50000] ' '  (0x20)
[UART TX @ 50000] 'a'  (0x61)
[UART TX @ 50000] 'd'  (0x64)
[UART TX @ 50000] 'd'  (0x64)
[UART TX @ 50000] ' '  (0x20)
[UART TX @ 50000] 'r'  (0x72)
[UART TX @ 50000] '0'  (0x30)
[UART TX @ 50000] ','  (0x2C)
[UART TX @ 50000] '1'  (0x31)
[UART TX @ 50000] ''  (0x0D)
[UART TX @ 50000] '\n'
[UART TX @ 60000] ';'  (0x3B)
[UART TX @ 60000] ' '  (0x20)
[UART TX @ 60000] '!'  (0x21)
[UART TX @ 60000] '!'  (0x21)
[UART TX @ 60000] ' '  (0x20)
[UART TX @ 60000] 'h'  (0x68)
[UART TX @ 60000] 'l'  (0x6C)
[UART TX @ 60000] 'a'  (0x61)
[UART TX @ 60000] 's'  (0x73)
[UART TX @ 60000] 'm'  (0x6D)
[UART TX @ 60000] ':'  (0x3A)
[UART TX @ 60000] ' '  (0x20)
[UART TX @ 60000] 'u'  (0x75)
[UART TX @ 60000] 'n'  (0x6E)
[UART TX @ 60000] 'k'  (0x6B)
[UART TX @ 60000] 'n'  (0x6E)
[UART TX @ 60000] 'o'  (0x6F)
[UART TX @ 60000] 'w'  (0x77)
[UART TX @ 60000] 'n'  (0x6E)
[UART TX @ 60000] ' '  (0x20)
[UART TX @ 60000] 'm'  (0x6D)
[UART TX @ 60000] 'n'  (0x6E)
[UART TX @ 60000] 'e'  (0x65)
[UART TX @ 60000] 'm'  (0x6D)
[UART TX @ 60000] 'o'  (0x6F)
[UART TX @ 60000] 'n'  (0x6E)
[UART TX @ 60000] 'i'  (0x69)
[UART TX @ 60000] 'c'  (0x63)
[UART TX @ 60000] ' '  (0x20)
[UART TX @ 60000] '''  (0x27)
[UART TX @ 60000] 'f'  (0x66)
[UART TX @ 60000] 'r'  (0x72)
[UART TX @ 60000] 'o'  (0x6F)
[UART TX @ 60000] 'b'  (0x62)
[UART TX @ 60000] 'n'  (0x6E)
[UART TX @ 60000] 'i'  (0x69)
[UART TX @ 60000] 'c'  (0x63)
[UART TX @ 60000] 'a'  (0x61)
[UART TX @ 60000] 't'  (0x74)
[UART TX @ 60000] 'e'  (0x65)
[UART TX @ 60000] '''  (0x27)
[UART TX @ 60000] ' '  (0x20)
[UART TX @ 60000] 'a'  (0x61)
[UART TX @ 60000] 't'  (0x74)
[UART TX @ 60000] ' '  (0x20)
[UART TX @ 60000] 's'  (0x73)
[UART TX @ 60000] 'r'  (0x72)
[UART TX @ 60000] 'c'  (0x63)
[UART TX @ 60000] '0'  (0x30)
[UART TX @ 60000] ':'  (0x3A)
[UART TX @ 60000] '4'  (0x34)
[UART TX @ 60000] ''  (0x0D)
[UART TX @ 60000] '\n'
[UART TX @ 60000] ' '  (0x20)
[UART TX @ 60000] 'f'  (0x66)
[UART TX @ 60000] 'r'  (0x72)
[UART TX @ 60000] 'o'  (0x6F)
[UART TX @ 60000] 'b'  (0x62)
[UART TX @ 60000] 'n'  (0x6E)
[UART TX @ 60000] 'i'  (0x69)
[UART TX @ 60000] 'c'  (0x63)
[UART TX @ 60000] 'a'  (0x61)
[UART TX @ 60000] 't'  (0x74)
[UART TX @ 60000] 'e'  (0x65)
[UART TX @ 60000] ' '  (0x20)
[UART TX @ 60000] 'r'  (0x72)
[UART TX @ 60000] '0'  (0x30)
[UART TX @ 60000] ''  (0x0D)
[UART TX @ 60000] '\n'
[UART TX @ 62409] ' '  (0x20)
[UART TX @ 62409] 'n'  (0x6E)
[UART TX @ 62409] 'o'  (0x6F)
[UART TX @ 62409] 'p'  (0x70)
[UART TX @ 62409] ''  (0x0D)
[UART TX @ 62409] '\n'
[UART TX @ 62409] ';'  (0x3B)
[UART TX @ 62409] ' '  (0x20)
[UART TX @ 62409] '!'  (0x21)
[UART TX @ 62409] '!'  (0x21)
[UART TX @ 62409] ' '  (0x20)
[UART TX @ 62409] 'h'  (0x68)
[UART TX @ 62409] 'l'  (0x6C)
[UART TX @ 62409] 'a'  (0x61)
[UART TX @ 62409] 's'  (0x73)
[UART TX @ 62409] 'm'  (0x6D)
[UART TX @ 62409] ':'  (0x3A)
[UART TX @ 62409] ' '  (0x20)
[UART TX @ 62409] 'H'  (0x48)
[UART TX @ 62409] 'L'  (0x4C)
[UART TX @ 62409] 'D'  (0x44)
[UART TX @ 62409] 'I'  (0x49)
[UART TX @ 62409] 'A'  (0x41)
[UART TX @ 62409] 'G'  (0x47)
[UART TX @ 62409] ' '  (0x20)
[UART TX @ 62409] 'a'  (0x61)
[UART TX @ 62409] 'c'  (0x63)
[UART TX @ 62409] 't'  (0x74)
[UART TX @ 62409] 'i'  (0x69)
[UART TX @ 62409] 'v'  (0x76)
[UART TX @ 62409] 'e'  (0x65)
[UART TX @ 62409] ' '  (0x20)
[UART TX @ 62409] 'a'  (0x61)
[UART TX @ 62409] 't'  (0x74)
[UART TX @ 62409] ' '  (0x20)
[UART TX @ 62409] 's'  (0x73)
[UART TX @ 62409] 'r'  (0x72)
[UART TX @ 62409] 'c'  (0x63)
[UART TX @ 62409] '0'  (0x30)
[UART TX @ 62409] ':'  (0x3A)
[UART TX @ 62409] '5'  (0x35)
[UART TX @ 62409] ''  (0x0D)
[UART TX @ 62409] '\n'

UART output: ; Demo 38: HLDIAG warns on unknown mnemonic at pass-through
 add r0,1
; !! hlasm: unknown mnemonic 'frobnicate' at src0:4
 frobnicate r0
 nop
; !! hlasm: HLDIAG active at src0:5


Executed 62409 instructions
CPU halted (self-branch detected)
