Assembled 13435 bytes
Loaded 64 bytes from 'demos/d03_macro_params.bin' at 0x080000
Running (speed: max IPS, time limit: 10s)...

[UART TX @ 40000] ' '  (0x20)
[UART TX @ 40000] 'p'  (0x70)
[UART TX @ 40000] 'u'  (0x75)
[UART TX @ 40000] 's'  (0x73)
[UART TX @ 40000] 'h'  (0x68)
[UART TX @ 40000] ' '  (0x20)
[UART TX @ 40000] 'r'  (0x72)
[UART TX @ 40000] '0'  (0x30)
[UART TX @ 40000] ''  (0x0D)
[UART TX @ 40000] '\n'
[UART TX @ 45160] ' '  (0x20)
[UART TX @ 45160] 'p'  (0x70)
[UART TX @ 45160] 'u'  (0x75)
[UART TX @ 45160] 's'  (0x73)
[UART TX @ 45160] 'h'  (0x68)
[UART TX @ 45160] ' '  (0x20)
[UART TX @ 45160] 'r'  (0x72)
[UART TX @ 45160] '1'  (0x31)
[UART TX @ 45160] ''  (0x0D)
[UART TX @ 45160] '\n'
[UART TX @ 45160] ' '  (0x20)
[UART TX @ 45160] 'p'  (0x70)
[UART TX @ 45160] 'u'  (0x75)
[UART TX @ 45160] 's'  (0x73)
[UART TX @ 45160] 'h'  (0x68)
[UART TX @ 45160] ' '  (0x20)
[UART TX @ 45160] 'r'  (0x72)
[UART TX @ 45160] '2'  (0x32)
[UART TX @ 45160] ''  (0x0D)
[UART TX @ 45160] '\n'
[UART TX @ 45160] ' '  (0x20)
[UART TX @ 45160] 'p'  (0x70)
[UART TX @ 45160] 'u'  (0x75)
[UART TX @ 45160] 's'  (0x73)
[UART TX @ 45160] 'h'  (0x68)
[UART TX @ 45160] ' '  (0x20)
[UART TX @ 45160] 'r'  (0x72)
[UART TX @ 45160] '3'  (0x33)
[UART TX @ 45160] ''  (0x0D)
[UART TX @ 45160] '\n'

UART output:  push r0
 push r1
 push r2
 push r3


Executed 45160 instructions
CPU halted (self-branch detected)
