Assembled 13435 bytes
Loaded 60 bytes from 'demos/d08_macro_and_cond.bin' at 0x080000
Running (speed: max IPS, time limit: 10s)...

[UART TX @ 41607] 'I'  (0x49)
[UART TX @ 41607] 'F'  (0x46)
[UART TX @ 41607] 'D'  (0x44)
[UART TX @ 41607] 'E'  (0x45)
[UART TX @ 41607] 'F'  (0x46)
[UART TX @ 41607] ' '  (0x20)
[UART TX @ 41607] 'D'  (0x44)
[UART TX @ 41607] 'E'  (0x45)
[UART TX @ 41607] 'B'  (0x42)
[UART TX @ 41607] 'U'  (0x55)
[UART TX @ 41607] 'G'  (0x47)
[UART TX @ 41607] ''  (0x0D)
[UART TX @ 41607] '\n'
[UART TX @ 41607] ' '  (0x20)
[UART TX @ 41607] 'n'  (0x6E)
[UART TX @ 41607] 'o'  (0x6F)
[UART TX @ 41607] 'p'  (0x70)
[UART TX @ 41607] ''  (0x0D)
[UART TX @ 41607] '\n'
[UART TX @ 41607] 'E'  (0x45)
[UART TX @ 41607] 'N'  (0x4E)
[UART TX @ 41607] 'D'  (0x44)
[UART TX @ 41607] 'I'  (0x49)
[UART TX @ 41607] 'F'  (0x46)
[UART TX @ 41607] 'A'  (0x41)
[UART TX @ 41607] 'S'  (0x53)
[UART TX @ 41607] 'M'  (0x4D)
[UART TX @ 41607] ''  (0x0D)
[UART TX @ 41607] '\n'

UART output: IFDEF DEBUG
 nop
ENDIFASM


Executed 41607 instructions
CPU halted (self-branch detected)
