Assembled 18254 bytes
Loaded 33 bytes from 'reg-rs/s5_macro.bin' at 0x080000
Running (speed: max IPS, time limit: 10s)...

[UART TX @ 45344] ' '  (0x20)
[UART TX @ 45344] 'a'  (0x61)
[UART TX @ 45344] 'd'  (0x64)
[UART TX @ 45344] 'd'  (0x64)
[UART TX @ 45344] ' '  (0x20)
[UART TX @ 45344] 'r'  (0x72)
[UART TX @ 45344] '0'  (0x30)
[UART TX @ 45344] ','  (0x2C)
[UART TX @ 45344] '1'  (0x31)
[UART TX @ 45344] ''  (0x0D)
[UART TX @ 45344] '\n'
[UART TX @ 45344] ' '  (0x20)
[UART TX @ 45344] 'a'  (0x61)
[UART TX @ 45344] 'd'  (0x64)
[UART TX @ 45344] 'd'  (0x64)
[UART TX @ 45344] ' '  (0x20)
[UART TX @ 45344] 'r'  (0x72)
[UART TX @ 45344] '0'  (0x30)
[UART TX @ 45344] ','  (0x2C)
[UART TX @ 45344] '1'  (0x31)
[UART TX @ 45344] ''  (0x0D)
[UART TX @ 45344] '\n'

UART output:  add r0,1
 add r0,1


Executed 45344 instructions
CPU halted (self-branch detected)
