Assembled 17383 bytes
Loaded 33 bytes from 'demos/d22_include_return_main.bin' at 0x090000
Loaded 33 bytes from 'demos/d22_include_return_extra.bin' at 0x081000
Loaded 27 bytes from 'reg-rs/s14_include_return.cfg' at 0x07F000
Running (speed: max IPS, time limit: 10s)...

[UART TX @ 50000] 't'  (0x74)
[UART TX @ 50000] 'a'  (0x61)
[UART TX @ 50000] 'i'  (0x69)
[UART TX @ 50000] 'l'  (0x6C)
[UART TX @ 50000] ':'  (0x3A)
[UART TX @ 50000] ''  (0x0D)
[UART TX @ 50000] '\n'
[UART TX @ 50000] ' '  (0x20)
[UART TX @ 50000] 'b'  (0x62)
[UART TX @ 50000] 'r'  (0x72)
[UART TX @ 50000] 'a'  (0x61)
[UART TX @ 50000] ' '  (0x20)
[UART TX @ 50000] '_'  (0x5F)
[UART TX @ 50000] 'h'  (0x68)
[UART TX @ 50000] ''  (0x0D)
[UART TX @ 50000] '\n'
[UART TX @ 50000] '_'  (0x5F)
[UART TX @ 50000] 'h'  (0x68)
[UART TX @ 50000] ':'  (0x3A)
[UART TX @ 50000] ''  (0x0D)
[UART TX @ 50000] '\n'
[UART TX @ 53692] ' '  (0x20)
[UART TX @ 53692] 'b'  (0x62)
[UART TX @ 53692] 'r'  (0x72)
[UART TX @ 53692] 'a'  (0x61)
[UART TX @ 53692] ' '  (0x20)
[UART TX @ 53692] 't'  (0x74)
[UART TX @ 53692] 'a'  (0x61)
[UART TX @ 53692] 'i'  (0x69)
[UART TX @ 53692] 'l'  (0x6C)
[UART TX @ 53692] ''  (0x0D)
[UART TX @ 53692] '\n'

UART output: tail:
 bra _h
_h:
 bra tail


Executed 53692 instructions
CPU halted (self-branch detected)
