Assembled 18254 bytes
Loaded 124 bytes from 'demos/d05_set_ifeq.bin' at 0x080000
Running (speed: max IPS, time limit: 10s)...

[UART TX @ 50000] ' '  (0x20)
[UART TX @ 50000] 'n'  (0x6E)
[UART TX @ 50000] 'o'  (0x6F)
[UART TX @ 50000] 'p'  (0x70)
[UART TX @ 50000] ''  (0x0D)
[UART TX @ 50000] '\n'
[UART TX @ 58161] ' '  (0x20)
[UART TX @ 58161] 's'  (0x73)
[UART TX @ 58161] 'u'  (0x75)
[UART TX @ 58161] 'b'  (0x62)
[UART TX @ 58161] ' '  (0x20)
[UART TX @ 58161] 'r'  (0x72)
[UART TX @ 58161] '0'  (0x30)
[UART TX @ 58161] ','  (0x2C)
[UART TX @ 58161] '1'  (0x31)
[UART TX @ 58161] ''  (0x0D)
[UART TX @ 58161] '\n'

UART output:  nop
 sub r0,1


Executed 58161 instructions
CPU halted (self-branch detected)
