Assembled 17383 bytes
Loaded 284 bytes from 'bootstrap/hlasm0.bin' at 0x080000
Running (speed: max IPS, time limit: 10s)...

[UART TX @ 60000] '_'  (0x5F)
[UART TX @ 60000] 'm'  (0x6D)
[UART TX @ 60000] 'a'  (0x61)
[UART TX @ 60000] 'i'  (0x69)
[UART TX @ 60000] 'n'  (0x6E)
[UART TX @ 60000] ':'  (0x3A)
[UART TX @ 60000] ''  (0x0D)
[UART TX @ 60000] '\n'
[UART TX @ 60000] ' '  (0x20)
[UART TX @ 60000] 'p'  (0x70)
[UART TX @ 60000] 'u'  (0x75)
[UART TX @ 60000] 's'  (0x73)
[UART TX @ 60000] 'h'  (0x68)
[UART TX @ 60000] ' '  (0x20)
[UART TX @ 60000] 'f'  (0x66)
[UART TX @ 60000] 'p'  (0x70)
[UART TX @ 60000] ''  (0x0D)
[UART TX @ 60000] '\n'
[UART TX @ 70000] ' '  (0x20)
[UART TX @ 70000] 'm'  (0x6D)
[UART TX @ 70000] 'o'  (0x6F)
[UART TX @ 70000] 'v'  (0x76)
[UART TX @ 70000] ' '  (0x20)
[UART TX @ 70000] 'f'  (0x66)
[UART TX @ 70000] 'p'  (0x70)
[UART TX @ 70000] ','  (0x2C)
[UART TX @ 70000] 's'  (0x73)
[UART TX @ 70000] 'p'  (0x70)
[UART TX @ 70000] ''  (0x0D)
[UART TX @ 70000] '\n'
[UART TX @ 70000] ' '  (0x20)
[UART TX @ 70000] 'p'  (0x70)
[UART TX @ 70000] 'u'  (0x75)
[UART TX @ 70000] 's'  (0x73)
[UART TX @ 70000] 'h'  (0x68)
[UART TX @ 70000] ' '  (0x20)
[UART TX @ 70000] 'r'  (0x72)
[UART TX @ 70000] '2'  (0x32)
[UART TX @ 70000] ''  (0x0D)
[UART TX @ 70000] '\n'
[UART TX @ 80000] ' '  (0x20)
[UART TX @ 80000] 'm'  (0x6D)
[UART TX @ 80000] 'o'  (0x6F)
[UART TX @ 80000] 'v'  (0x76)
[UART TX @ 80000] ' '  (0x20)
[UART TX @ 80000] 'f'  (0x66)
[UART TX @ 80000] 'p'  (0x70)
[UART TX @ 80000] ','  (0x2C)
[UART TX @ 80000] 's'  (0x73)
[UART TX @ 80000] 'p'  (0x70)
[UART TX @ 80000] ''  (0x0D)
[UART TX @ 80000] '\n'
[UART TX @ 80000] ' '  (0x20)
[UART TX @ 80000] 'l'  (0x6C)
[UART TX @ 80000] 'a'  (0x61)
[UART TX @ 80000] ' '  (0x20)
[UART TX @ 80000] 'r'  (0x72)
[UART TX @ 80000] '0'  (0x30)
[UART TX @ 80000] ','  (0x2C)
[UART TX @ 80000] '_'  (0x5F)
[UART TX @ 80000] 'b'  (0x62)
[UART TX @ 80000] 'a'  (0x61)
[UART TX @ 80000] 'n'  (0x6E)
[UART TX @ 80000] ''  (0x0D)
[UART TX @ 80000] '\n'
[UART TX @ 90000] ' '  (0x20)
[UART TX @ 90000] 'j'  (0x6A)
[UART TX @ 90000] 'a'  (0x61)
[UART TX @ 90000] 'l'  (0x6C)
[UART TX @ 90000] ' '  (0x20)
[UART TX @ 90000] 'r'  (0x72)
[UART TX @ 90000] '1'  (0x31)
[UART TX @ 90000] ','  (0x2C)
[UART TX @ 90000] '('  (0x28)
[UART TX @ 90000] 'r'  (0x72)
[UART TX @ 90000] '0'  (0x30)
[UART TX @ 90000] ')'  (0x29)
[UART TX @ 90000] ''  (0x0D)
[UART TX @ 90000] '\n'
[UART TX @ 90000] '_'  (0x5F)
[UART TX @ 90000] 'b'  (0x62)
[UART TX @ 90000] 'a'  (0x61)
[UART TX @ 90000] 'n'  (0x6E)
[UART TX @ 90000] ':'  (0x3A)
[UART TX @ 90000] ''  (0x0D)
[UART TX @ 90000] '\n'
[UART TX @ 100000] ' '  (0x20)
[UART TX @ 100000] 'p'  (0x70)
[UART TX @ 100000] 'u'  (0x75)
[UART TX @ 100000] 's'  (0x73)
[UART TX @ 100000] 'h'  (0x68)
[UART TX @ 100000] ' '  (0x20)
[UART TX @ 100000] 'f'  (0x66)
[UART TX @ 100000] 'p'  (0x70)
[UART TX @ 100000] ''  (0x0D)
[UART TX @ 100000] '\n'
[UART TX @ 100000] ' '  (0x20)
[UART TX @ 100000] 'p'  (0x70)
[UART TX @ 100000] 'u'  (0x75)
[UART TX @ 100000] 's'  (0x73)
[UART TX @ 100000] 'h'  (0x68)
[UART TX @ 100000] ' '  (0x20)
[UART TX @ 100000] 'r'  (0x72)
[UART TX @ 100000] '2'  (0x32)
[UART TX @ 100000] ''  (0x0D)
[UART TX @ 100000] '\n'
[UART TX @ 100000] ' '  (0x20)
[UART TX @ 100000] 'p'  (0x70)
[UART TX @ 100000] 'u'  (0x75)
[UART TX @ 100000] 's'  (0x73)
[UART TX @ 100000] 'h'  (0x68)
[UART TX @ 100000] ' '  (0x20)
[UART TX @ 100000] 'r'  (0x72)
[UART TX @ 100000] '1'  (0x31)
[UART TX @ 100000] ''  (0x0D)
[UART TX @ 100000] '\n'
[UART TX @ 100000] ' '  (0x20)
[UART TX @ 100000] 'm'  (0x6D)
[UART TX @ 100000] 'o'  (0x6F)
[UART TX @ 100000] 'v'  (0x76)
[UART TX @ 100000] ' '  (0x20)
[UART TX @ 100000] 'f'  (0x66)
[UART TX @ 100000] 'p'  (0x70)
[UART TX @ 100000] ','  (0x2C)
[UART TX @ 100000] 's'  (0x73)
[UART TX @ 100000] 'p'  (0x70)
[UART TX @ 100000] ''  (0x0D)
[UART TX @ 100000] '\n'
[UART TX @ 100000] ' '  (0x20)
[UART TX @ 100000] 'l'  (0x6C)
[UART TX @ 100000] 'a'  (0x61)
[UART TX @ 100000] ' '  (0x20)
[UART TX @ 100000] 'r'  (0x72)
[UART TX @ 100000] '0'  (0x30)
[UART TX @ 100000] ','  (0x2C)
[UART TX @ 100000] '_'  (0x5F)
[UART TX @ 100000] 't'  (0x74)
[UART TX @ 100000] 'x'  (0x78)
[UART TX @ 100000] ''  (0x0D)
[UART TX @ 100000] '\n'

UART output: _main:
 push fp
 mov fp,sp
 push r2
 mov fp,sp
 la r0,_ban
 jal r1,(r0)
_ban:
 push fp
 push r2
 push r1
 mov fp,sp
 la r0,_tx


Executed 100000 instructions
