Assembled 15600 bytes
Loaded 184 bytes from '/Users/mike/github/sw-embed/sw-cor24-hlasm/demos/./d34_copy_macro_library_main.bin' at 0x090000
Loaded 109 bytes from '/Users/mike/github/sw-embed/sw-cor24-hlasm/demos/./d34_copy_macro_library_macros.bin' at 0x081000
Loaded 40 bytes from '/Users/mike/github/sw-embed/sw-cor24-hlasm/demos/./d34_copy_macro_library_symbols.bin' at 0x081100
Loaded 54 bytes from '/tmp/sw-cor24-hlasm-sourceset-7414.cfg' at 0x07F000
Running (speed: max IPS, time limit: 10s)...

[UART TX @ 40000] ';'  (0x3B)
[UART TX @ 40000] ' '  (0x20)
[UART TX @ 40000] 'D'  (0x44)
[UART TX @ 40000] 'e'  (0x65)
[UART TX @ 40000] 'm'  (0x6D)
[UART TX @ 40000] 'o'  (0x6F)
[UART TX @ 40000] ' '  (0x20)
[UART TX @ 40000] '3'  (0x33)
[UART TX @ 40000] '4'  (0x34)
[UART TX @ 40000] ':'  (0x3A)
[UART TX @ 40000] ' '  (0x20)
[UART TX @ 40000] 'C'  (0x43)
[UART TX @ 40000] 'O'  (0x4F)
[UART TX @ 40000] 'P'  (0x50)
[UART TX @ 40000] 'Y'  (0x59)
[UART TX @ 40000] '-'  (0x2D)
[UART TX @ 40000] 'b'  (0x62)
[UART TX @ 40000] 'a'  (0x61)
[UART TX @ 40000] 's'  (0x73)
[UART TX @ 40000] 'e'  (0x65)
[UART TX @ 40000] 'd'  (0x64)
[UART TX @ 40000] ' '  (0x20)
[UART TX @ 40000] 'm'  (0x6D)
[UART TX @ 40000] 'a'  (0x61)
[UART TX @ 40000] 'c'  (0x63)
[UART TX @ 40000] 'r'  (0x72)
[UART TX @ 40000] 'o'  (0x6F)
[UART TX @ 40000] ' '  (0x20)
[UART TX @ 40000] 'a'  (0x61)
[UART TX @ 40000] 'n'  (0x6E)
[UART TX @ 40000] 'd'  (0x64)
[UART TX @ 40000] ' '  (0x20)
[UART TX @ 40000] 's'  (0x73)
[UART TX @ 40000] 'y'  (0x79)
[UART TX @ 40000] 'm'  (0x6D)
[UART TX @ 40000] 'b'  (0x62)
[UART TX @ 40000] 'o'  (0x6F)
[UART TX @ 40000] 'l'  (0x6C)
[UART TX @ 40000] ' '  (0x20)
[UART TX @ 40000] 'l'  (0x6C)
[UART TX @ 40000] 'i'  (0x69)
[UART TX @ 40000] 'b'  (0x62)
[UART TX @ 40000] 'r'  (0x72)
[UART TX @ 40000] 'a'  (0x61)
[UART TX @ 40000] 'r'  (0x72)
[UART TX @ 40000] 'y'  (0x79)
[UART TX @ 40000] ' '  (0x20)
[UART TX @ 40000] 'w'  (0x77)
[UART TX @ 40000] 'o'  (0x6F)
[UART TX @ 40000] 'r'  (0x72)
[UART TX @ 40000] 'k'  (0x6B)
[UART TX @ 40000] 'f'  (0x66)
[UART TX @ 40000] 'l'  (0x6C)
[UART TX @ 40000] 'o'  (0x6F)
[UART TX @ 40000] 'w'  (0x77)
[UART TX @ 40000] ''  (0x0D)
[UART TX @ 40000] '\n'
[UART TX @ 50000] ''  (0x0D)
[UART TX @ 50000] '\n'
[UART TX @ 60000] ''  (0x0D)
[UART TX @ 60000] '\n'
[UART TX @ 80000] ''  (0x0D)
[UART TX @ 80000] '\n'
[UART TX @ 90000] ' '  (0x20)
[UART TX @ 90000] 'p'  (0x70)
[UART TX @ 90000] 'u'  (0x75)
[UART TX @ 90000] 's'  (0x73)
[UART TX @ 90000] 'h'  (0x68)
[UART TX @ 90000] ' '  (0x20)
[UART TX @ 90000] 'r'  (0x72)
[UART TX @ 90000] '0'  (0x30)
[UART TX @ 90000] ''  (0x0D)
[UART TX @ 90000] '\n'
[UART TX @ 90000] ' '  (0x20)
[UART TX @ 90000] 'p'  (0x70)
[UART TX @ 90000] 'u'  (0x75)
[UART TX @ 90000] 's'  (0x73)
[UART TX @ 90000] 'h'  (0x68)
[UART TX @ 90000] ' '  (0x20)
[UART TX @ 90000] 'r'  (0x72)
[UART TX @ 90000] '1'  (0x31)
[UART TX @ 90000] ''  (0x0D)
[UART TX @ 90000] '\n'
[UART TX @ 90000] ''  (0x0D)
[UART TX @ 90000] '\n'
[UART TX @ 90000] ''  (0x0D)
[UART TX @ 90000] '\n'
[UART TX @ 100000] ' '  (0x20)
[UART TX @ 100000] 'a'  (0x61)
[UART TX @ 100000] 'd'  (0x64)
[UART TX @ 100000] 'd'  (0x64)
[UART TX @ 100000] ' '  (0x20)
[UART TX @ 100000] 'r'  (0x72)
[UART TX @ 100000] '0'  (0x30)
[UART TX @ 100000] ','  (0x2C)
[UART TX @ 100000] '1'  (0x31)
[UART TX @ 100000] ''  (0x0D)
[UART TX @ 100000] '\n'
[UART TX @ 100000] ''  (0x0D)
[UART TX @ 100000] '\n'
[UART TX @ 106445] ' '  (0x20)
[UART TX @ 106445] 'l'  (0x6C)
[UART TX @ 106445] 'c'  (0x63)
[UART TX @ 106445] ' '  (0x20)
[UART TX @ 106445] 'r'  (0x72)
[UART TX @ 106445] '2'  (0x32)
[UART TX @ 106445] ','  (0x2C)
[UART TX @ 106445] '7'  (0x37)
[UART TX @ 106445] ''  (0x0D)
[UART TX @ 106445] '\n'
[UART TX @ 106445] ' '  (0x20)
[UART TX @ 106445] 'p'  (0x70)
[UART TX @ 106445] 'o'  (0x6F)
[UART TX @ 106445] 'p'  (0x70)
[UART TX @ 106445] ' '  (0x20)
[UART TX @ 106445] 'r'  (0x72)
[UART TX @ 106445] '1'  (0x31)
[UART TX @ 106445] ''  (0x0D)
[UART TX @ 106445] '\n'
[UART TX @ 106445] ' '  (0x20)
[UART TX @ 106445] 'p'  (0x70)
[UART TX @ 106445] 'o'  (0x6F)
[UART TX @ 106445] 'p'  (0x70)
[UART TX @ 106445] ' '  (0x20)
[UART TX @ 106445] 'r'  (0x72)
[UART TX @ 106445] '0'  (0x30)
[UART TX @ 106445] ''  (0x0D)
[UART TX @ 106445] '\n'

UART output: ; Demo 34: COPY-based macro and symbol library workflow



 push r0
 push r1


 add r0,1

 lc r2,7
 pop r1
 pop r0


Executed 106445 instructions
CPU halted (self-branch detected)
