Assembled 15600 bytes
Loaded 58 bytes from 'demos/d27_positional_macro_params.bin' at 0x080000
Running (speed: max IPS, time limit: 10s)...

[UART TX @ 40000] ' '  (0x20)
[UART TX @ 40000] 'p'  (0x70)
[UART TX @ 40000] 'u'  (0x75)
[UART TX @ 40000] 's'  (0x73)
[UART TX @ 40000] 'h'  (0x68)
[UART TX @ 40000] ' '  (0x20)
[UART TX @ 40000] 'r'  (0x72)
[UART TX @ 40000] '0'  (0x30)
[UART TX @ 40000] ''  (0x0D)
[UART TX @ 40000] '\n'
[UART TX @ 40000] ' '  (0x20)
[UART TX @ 40000] 'p'  (0x70)
[UART TX @ 40000] 'u'  (0x75)
[UART TX @ 45337] 's'  (0x73)
[UART TX @ 45337] 'h'  (0x68)
[UART TX @ 45337] ' '  (0x20)
[UART TX @ 45337] 'r'  (0x72)
[UART TX @ 45337] '1'  (0x31)
[UART TX @ 45337] ''  (0x0D)
[UART TX @ 45337] '\n'
[UART TX @ 45337] ' '  (0x20)
[UART TX @ 45337] 'p'  (0x70)
[UART TX @ 45337] 'u'  (0x75)
[UART TX @ 45337] 's'  (0x73)
[UART TX @ 45337] 'h'  (0x68)
[UART TX @ 45337] ' '  (0x20)
[UART TX @ 45337] 'r'  (0x72)
[UART TX @ 45337] '2'  (0x32)
[UART TX @ 45337] ''  (0x0D)
[UART TX @ 45337] '\n'
[UART TX @ 45337] ' '  (0x20)
[UART TX @ 45337] 'p'  (0x70)
[UART TX @ 45337] 'u'  (0x75)
[UART TX @ 45337] 's'  (0x73)
[UART TX @ 45337] 'h'  (0x68)
[UART TX @ 45337] ' '  (0x20)
[UART TX @ 45337] 'r'  (0x72)
[UART TX @ 45337] '3'  (0x33)
[UART TX @ 45337] ''  (0x0D)
[UART TX @ 45337] '\n'

UART output:  push r0
 push r1
 push r2
 push r3


Executed 45337 instructions
CPU halted (self-branch detected)
