Assembled 18254 bytes
Loaded 61 bytes from 'reg-rs/s6_params.bin' at 0x080000
Running (speed: max IPS, time limit: 10s)...

[UART TX @ 49435] ' '  (0x20)
[UART TX @ 49435] 's'  (0x73)
[UART TX @ 49435] 't'  (0x74)
[UART TX @ 49435] ' '  (0x20)
[UART TX @ 49435] 'r'  (0x72)
[UART TX @ 49435] '0'  (0x30)
[UART TX @ 49435] ''  (0x0D)
[UART TX @ 49435] '\n'
[UART TX @ 49435] ' '  (0x20)
[UART TX @ 49435] 's'  (0x73)
[UART TX @ 49435] 't'  (0x74)
[UART TX @ 49435] ' '  (0x20)
[UART TX @ 49435] 'r'  (0x72)
[UART TX @ 49435] '1'  (0x31)
[UART TX @ 49435] ''  (0x0D)
[UART TX @ 49435] '\n'
[UART TX @ 49435] ' '  (0x20)
[UART TX @ 49435] 's'  (0x73)
[UART TX @ 49435] 't'  (0x74)
[UART TX @ 49435] ' '  (0x20)
[UART TX @ 49435] 'r'  (0x72)
[UART TX @ 49435] '2'  (0x32)
[UART TX @ 49435] ''  (0x0D)
[UART TX @ 49435] '\n'
[UART TX @ 49435] ' '  (0x20)
[UART TX @ 49435] 's'  (0x73)
[UART TX @ 49435] 't'  (0x74)
[UART TX @ 49435] ' '  (0x20)
[UART TX @ 49435] 'f'  (0x66)
[UART TX @ 49435] 'p'  (0x70)
[UART TX @ 49435] ''  (0x0D)
[UART TX @ 49435] '\n'

UART output:  st r0
 st r1
 st r2
 st fp


Executed 49435 instructions
CPU halted (self-branch detected)
