Assembled 17383 bytes
Loaded 37 bytes from '/Users/mike/github/sw-embed/sw-cor24-hlasm/demos/./d23_named_include_main.bin' at 0x090000
Loaded 33 bytes from '/Users/mike/github/sw-embed/sw-cor24-hlasm/demos/./d23_named_include_extra.bin' at 0x081000
Loaded 42 bytes from '/tmp/sw-cor24-hlasm-sourceset-21193.cfg' at 0x07F000
Running (speed: max IPS, time limit: 10s)...

[UART TX @ 50000] 't'  (0x74)
[UART TX @ 50000] 'a'  (0x61)
[UART TX @ 50000] 'i'  (0x69)
[UART TX @ 50000] 'l'  (0x6C)
[UART TX @ 50000] ':'  (0x3A)
[UART TX @ 50000] ''  (0x0D)
[UART TX @ 50000] '\n'
[UART TX @ 50000] ' '  (0x20)
[UART TX @ 50000] 'b'  (0x62)
[UART TX @ 50000] 'r'  (0x72)
[UART TX @ 50000] 'a'  (0x61)
[UART TX @ 50000] ' '  (0x20)
[UART TX @ 50000] '_'  (0x5F)
[UART TX @ 50000] 'h'  (0x68)
[UART TX @ 50000] ''  (0x0D)
[UART TX @ 50000] '\n'
[UART TX @ 54538] '_'  (0x5F)
[UART TX @ 54538] 'h'  (0x68)
[UART TX @ 54538] ':'  (0x3A)
[UART TX @ 54538] ''  (0x0D)
[UART TX @ 54538] '\n'
[UART TX @ 54538] ' '  (0x20)
[UART TX @ 54538] 'b'  (0x62)
[UART TX @ 54538] 'r'  (0x72)
[UART TX @ 54538] 'a'  (0x61)
[UART TX @ 54538] ' '  (0x20)
[UART TX @ 54538] 't'  (0x74)
[UART TX @ 54538] 'a'  (0x61)
[UART TX @ 54538] 'i'  (0x69)
[UART TX @ 54538] 'l'  (0x6C)
[UART TX @ 54538] ''  (0x0D)
[UART TX @ 54538] '\n'

UART output: tail:
 bra _h
_h:
 bra tail


Executed 54538 instructions
CPU halted (self-branch detected)
