Assembled 12901 bytes
Loaded 120 bytes from 'demos/d15_realistic.bin' at 0x080000
Running (speed: max IPS, time limit: 10s)...

[UART TX @ 30000] ' '  (0x20)
[UART TX @ 30000] 'n'  (0x6E)
[UART TX @ 30000] 'o'  (0x6F)
[UART TX @ 30000] 'p'  (0x70)
[UART TX @ 30000] ''  (0x0D)
[UART TX @ 30000] '\n'
[UART TX @ 36671] ' '  (0x20)
[UART TX @ 36671] 'p'  (0x70)
[UART TX @ 36671] 'u'  (0x75)
[UART TX @ 36671] 's'  (0x73)
[UART TX @ 36671] 'h'  (0x68)
[UART TX @ 36671] ' '  (0x20)
[UART TX @ 36671] 'r'  (0x72)
[UART TX @ 36671] '0'  (0x30)
[UART TX @ 36671] ''  (0x0D)
[UART TX @ 36671] '\n'
[UART TX @ 36671] ' '  (0x20)
[UART TX @ 36671] 'p'  (0x70)
[UART TX @ 36671] 'o'  (0x6F)
[UART TX @ 36671] 'p'  (0x70)
[UART TX @ 36671] ' '  (0x20)
[UART TX @ 36671] 'r'  (0x72)
[UART TX @ 36671] '0'  (0x30)
[UART TX @ 36671] ''  (0x0D)
[UART TX @ 36671] '\n'

UART output:  nop
 push r0
 pop r0


Executed 36671 instructions
CPU halted (self-branch detected)
